{"MockProject.Tests.GenerateReportTest.TC_GENERATE_SECTION_02 - Verify thata the system validates the selected leave period.":{"statistic":{"failed":1,"broken":0,"skipped":0,"passed":6,"unknown":0,"total":7},"items":[{"uid":"67832a4ffc81261e","reportUrl":"https://NguyenGiaThuy.github.io/AdvancedAutomationTesting/26//#testresult/67832a4ffc81261e","status":"passed","time":{"start":1735804697165,"stop":1735804704388,"duration":7223}},{"uid":"9157d8089bc003c5","reportUrl":"https://NguyenGiaThuy.github.io/AdvancedAutomationTesting/25//#testresult/9157d8089bc003c5","status":"passed","time":{"start":1735789122287,"stop":1735789131004,"duration":8717}},{"uid":"d2a18dcf932349d2","reportUrl":"https://NguyenGiaThuy.github.io/AdvancedAutomationTesting/23//#testresult/d2a18dcf932349d2","status":"passed","time":{"start":1735178987523,"stop":1735178994403,"duration":6880}},{"uid":"8f6fed250534cb63","reportUrl":"https://NguyenGiaThuy.github.io/AdvancedAutomationTesting/22//#testresult/8f6fed250534cb63","status":"passed","time":{"start":1735178832488,"stop":1735178838642,"duration":6154}},{"uid":"b07eab1a4aab7a16","reportUrl":"https://NguyenGiaThuy.github.io/AdvancedAutomationTesting/21//#testresult/b07eab1a4aab7a16","status":"passed","time":{"start":1735178245516,"stop":1735178251595,"duration":6079}},{"uid":"e622866ed752435f","reportUrl":"https://NguyenGiaThuy.github.io/AdvancedAutomationTesting/3//#testresult/e622866ed752435f","status":"passed","time":{"start":1735120740890,"stop":1735120747179,"duration":6289}},{"uid":"bb6c74c04077a5ec","reportUrl":"https://NguyenGiaThuy.github.io/AdvancedAutomationTesting/2//#testresult/bb6c74c04077a5ec","status":"failed","statusDetails":"Unable to create instance of class MockProject.Tests.GenerateReportTest. Error: OpenQA.Selenium.WebDriverException: Process unexpectedly closed with status 1.","time":{"start":1735120181073,"stop":1735120181391,"duration":318}}]},"MockProject.Tests.GenerateReportTest.TC_GENERATE_SECTION_03 - Verify thath the system allows report generation.":{"statistic":{"failed":1,"broken":0,"skipped":0,"passed":6,"unknown":0,"total":7},"items":[{"uid":"fdf86b3ed7d728f2","reportUrl":"https://NguyenGiaThuy.github.io/AdvancedAutomationTesting/26//#testresult/fdf86b3ed7d728f2","status":"passed","time":{"start":1735804699343,"stop":1735804708134,"duration":8791}},{"uid":"30d2a7c38f801e1","reportUrl":"https://NguyenGiaThuy.github.io/AdvancedAutomationTesting/25//#testresult/30d2a7c38f801e1","status":"passed","time":{"start":1735789123510,"stop":1735789133797,"duration":10287}},{"uid":"45572287295b1129","reportUrl":"https://NguyenGiaThuy.github.io/AdvancedAutomationTesting/23//#testresult/45572287295b1129","status":"passed","time":{"start":1735178994404,"stop":1735179002603,"duration":8199}},{"uid":"84e41ced09ecbb39","reportUrl":"https://NguyenGiaThuy.github.io/AdvancedAutomationTesting/22//#testresult/84e41ced09ecbb39","status":"passed","time":{"start":1735178838643,"stop":1735178845852,"duration":7209}},{"uid":"b8a41265a7c66e6f","reportUrl":"https://NguyenGiaThuy.github.io/AdvancedAutomationTesting/21//#testresult/b8a41265a7c66e6f","status":"passed","time":{"start":1735178251595,"stop":1735178258858,"duration":7263}},{"uid":"cf8debb96e7c4e64","reportUrl":"https://NguyenGiaThuy.github.io/AdvancedAutomationTesting/3//#testresult/cf8debb96e7c4e64","status":"passed","time":{"start":1735120747179,"stop":1735120754807,"duration":7628}},{"uid":"c9c851524fb79f27","reportUrl":"https://NguyenGiaThuy.github.io/AdvancedAutomationTesting/2//#testresult/c9c851524fb79f27","status":"failed","statusDetails":"Unable to create instance of class MockProject.Tests.GenerateReportTest. Error: OpenQA.Selenium.WebDriverException: Process unexpectedly closed with status 1.","time":{"start":1735120181391,"stop":1735120181716,"duration":325}}]},"MockProject.Tests.GenerateReportTest.TC_GENERATE_SECTION_06 - Verify that the section containing Generate button can expand.":{"statistic":{"failed":1,"broken":0,"skipped":0,"passed":6,"unknown":0,"total":7},"items":[{"uid":"ed5d3bbbcf6f9e4b","reportUrl":"https://NguyenGiaThuy.github.io/AdvancedAutomationTesting/26//#testresult/ed5d3bbbcf6f9e4b","status":"passed","time":{"start":1735804707990,"stop":1735804715179,"duration":7189}},{"uid":"78847535b19fbc2e","reportUrl":"https://NguyenGiaThuy.github.io/AdvancedAutomationTesting/25//#testresult/78847535b19fbc2e","status":"passed","time":{"start":1735789133798,"stop":1735789141045,"duration":7247}},{"uid":"9cf922f1f426eebd","reportUrl":"https://NguyenGiaThuy.github.io/AdvancedAutomationTesting/23//#testresult/9cf922f1f426eebd","status":"passed","time":{"start":1735179017380,"stop":1735179023638,"duration":6258}},{"uid":"f6caf6f6cc9bcb58","reportUrl":"https://NguyenGiaThuy.github.io/AdvancedAutomationTesting/22//#testresult/f6caf6f6cc9bcb58","status":"passed","time":{"start":1735178858759,"stop":1735178864101,"duration":5342}},{"uid":"9d563cf199a29f15","reportUrl":"https://NguyenGiaThuy.github.io/AdvancedAutomationTesting/21//#testresult/9d563cf199a29f15","status":"passed","time":{"start":1735178272019,"stop":1735178277400,"duration":5381}},{"uid":"43e9b636fb2c2682","reportUrl":"https://NguyenGiaThuy.github.io/AdvancedAutomationTesting/3//#testresult/43e9b636fb2c2682","status":"passed","time":{"start":1735120767973,"stop":1735120773177,"duration":5204}},{"uid":"6cf2aa056ddb8f56","reportUrl":"https://NguyenGiaThuy.github.io/AdvancedAutomationTesting/2//#testresult/6cf2aa056ddb8f56","status":"failed","statusDetails":"Unable to create instance of class MockProject.Tests.GenerateReportTest. Error: OpenQA.Selenium.WebDriverException: Process unexpectedly closed with status 1.","time":{"start":1735120182409,"stop":1735120182708,"duration":299}}]},"MockProject.Tests.ReportDataTest.TC_DATA_SECTION_05 - Verify that the data types in the data table are valid.":{"statistic":{"failed":1,"broken":0,"skipped":0,"passed":6,"unknown":0,"total":7},"items":[{"uid":"86cf940a5039feee","reportUrl":"https://NguyenGiaThuy.github.io/AdvancedAutomationTesting/26//#testresult/86cf940a5039feee","status":"passed","time":{"start":1735804718422,"stop":1735804726529,"duration":8107}},{"uid":"26a363b0736029b8","reportUrl":"https://NguyenGiaThuy.github.io/AdvancedAutomationTesting/25//#testresult/26a363b0736029b8","status":"passed","time":{"start":1735789144535,"stop":1735789153114,"duration":8579}},{"uid":"c1c68b5cad8103da","reportUrl":"https://NguyenGiaThuy.github.io/AdvancedAutomationTesting/23//#testresult/c1c68b5cad8103da","status":"passed","time":{"start":1735178995401,"stop":1735179003622,"duration":8221}},{"uid":"c6ad57cfff55c706","reportUrl":"https://NguyenGiaThuy.github.io/AdvancedAutomationTesting/22//#testresult/c6ad57cfff55c706","status":"passed","time":{"start":1735178839323,"stop":1735178846517,"duration":7194}},{"uid":"14f31d8708005e40","reportUrl":"https://NguyenGiaThuy.github.io/AdvancedAutomationTesting/21//#testresult/14f31d8708005e40","status":"passed","time":{"start":1735178251642,"stop":1735178259210,"duration":7568}},{"uid":"bcccc30f40868a2a","reportUrl":"https://NguyenGiaThuy.github.io/AdvancedAutomationTesting/3//#testresult/bcccc30f40868a2a","status":"passed","time":{"start":1735120746928,"stop":1735120754221,"duration":7293}},{"uid":"995060764cf808aa","reportUrl":"https://NguyenGiaThuy.github.io/AdvancedAutomationTesting/2//#testresult/995060764cf808aa","status":"failed","statusDetails":"Unable to create instance of class MockProject.Tests.ReportDataTest. Error: OpenQA.Selenium.WebDriverException: Process unexpectedly closed with status 1.","time":{"start":1735120181284,"stop":1735120181654,"duration":370}}]},"MockProject.Tests.AccessToMyLeaveBalanceReportTest.TC_PAGE_01 - Verify that the user can access the Leave Entitlements and Usage Report page.":{"statistic":{"failed":1,"broken":0,"skipped":0,"passed":6,"unknown":0,"total":7},"items":[{"uid":"e9911335bafb69f7","reportUrl":"https://NguyenGiaThuy.github.io/AdvancedAutomationTesting/26//#testresult/e9911335bafb69f7","status":"passed","time":{"start":1735804671375,"stop":1735804697150,"duration":25775}},{"uid":"ad038e28830ac813","reportUrl":"https://NguyenGiaThuy.github.io/AdvancedAutomationTesting/25//#testresult/ad038e28830ac813","status":"passed","time":{"start":1735789104362,"stop":1735789122271,"duration":17909}},{"uid":"acb13191b2f44ca7","reportUrl":"https://NguyenGiaThuy.github.io/AdvancedAutomationTesting/23//#testresult/acb13191b2f44ca7","status":"passed","time":{"start":1735178956469,"stop":1735178975590,"duration":19121}},{"uid":"e41525b5e32e739d","reportUrl":"https://NguyenGiaThuy.github.io/AdvancedAutomationTesting/22//#testresult/e41525b5e32e739d","status":"passed","time":{"start":1735178794548,"stop":1735178821225,"duration":26677}},{"uid":"2630eb61e6a0cd03","reportUrl":"https://NguyenGiaThuy.github.io/AdvancedAutomationTesting/21//#testresult/2630eb61e6a0cd03","status":"passed","time":{"start":1735178222501,"stop":1735178234435,"duration":11934}},{"uid":"340e29fcb329d359","reportUrl":"https://NguyenGiaThuy.github.io/AdvancedAutomationTesting/3//#testresult/340e29fcb329d359","status":"passed","time":{"start":1735120708629,"stop":1735120728842,"duration":20213}},{"uid":"d8cd49ff1c262c40","reportUrl":"https://NguyenGiaThuy.github.io/AdvancedAutomationTesting/2//#testresult/d8cd49ff1c262c40","status":"failed","statusDetails":"Unable to create instance of class MockProject.Tests.AccessToMyLeaveBalanceReportTest. Error: OpenQA.Selenium.WebDriverException: Process unexpectedly closed with status 1.","time":{"start":1735120178507,"stop":1735120180651,"duration":2144}}]},"MockProject.Tests.ReportDataTest.TC_DATA_SECTION_02 - Verify that the data table can be shrunk.":{"statistic":{"failed":1,"broken":0,"skipped":0,"passed":6,"unknown":0,"total":7},"items":[{"uid":"8d75f75ad7db503d","reportUrl":"https://NguyenGiaThuy.github.io/AdvancedAutomationTesting/26//#testresult/8d75f75ad7db503d","status":"passed","time":{"start":1735804712211,"stop":1735804721894,"duration":9683}},{"uid":"2cf9c8bd22c34684","reportUrl":"https://NguyenGiaThuy.github.io/AdvancedAutomationTesting/25//#testresult/2cf9c8bd22c34684","status":"passed","time":{"start":1735789139381,"stop":1735789149324,"duration":9943}},{"uid":"cf98b3fd14f4115c","reportUrl":"https://NguyenGiaThuy.github.io/AdvancedAutomationTesting/23//#testresult/cf98b3fd14f4115c","status":"passed","time":{"start":1735178977488,"stop":1735178988077,"duration":10589}},{"uid":"9b2f018ccc941eb8","reportUrl":"https://NguyenGiaThuy.github.io/AdvancedAutomationTesting/22//#testresult/9b2f018ccc941eb8","status":"passed","time":{"start":1735178822978,"stop":1735178832986,"duration":10008}},{"uid":"6705f752cd433068","reportUrl":"https://NguyenGiaThuy.github.io/AdvancedAutomationTesting/21//#testresult/6705f752cd433068","status":"passed","time":{"start":1735178235759,"stop":1735178245104,"duration":9345}},{"uid":"18876d09e9c9f0ec","reportUrl":"https://NguyenGiaThuy.github.io/AdvancedAutomationTesting/3//#testresult/18876d09e9c9f0ec","status":"passed","time":{"start":1735120730167,"stop":1735120740294,"duration":10127}},{"uid":"66156b611b7fdbf1","reportUrl":"https://NguyenGiaThuy.github.io/AdvancedAutomationTesting/2//#testresult/66156b611b7fdbf1","status":"failed","statusDetails":"Unable to create instance of class MockProject.Tests.ReportDataTest. Error: OpenQA.Selenium.WebDriverException: Process unexpectedly closed with status 1.","time":{"start":1735120180658,"stop":1735120180980,"duration":322}}]},"MockProject.Tests.ReportDataTest.TC_DATA_SECTION_04 - Verify that the report counter matches the total number of records generated.":{"statistic":{"failed":2,"broken":0,"skipped":0,"passed":5,"unknown":0,"total":7},"items":[{"uid":"80617111995f35c2","reportUrl":"https://NguyenGiaThuy.github.io/AdvancedAutomationTesting/26//#testresult/80617111995f35c2","status":"passed","time":{"start":1735804715180,"stop":1735804722036,"duration":6856}},{"uid":"52d8a620d64e4408","reportUrl":"https://NguyenGiaThuy.github.io/AdvancedAutomationTesting/25//#testresult/52d8a620d64e4408","status":"passed","time":{"start":1735789141046,"stop":1735789148035,"duration":6989}},{"uid":"51710b385062ea7f","reportUrl":"https://NguyenGiaThuy.github.io/AdvancedAutomationTesting/23//#testresult/51710b385062ea7f","status":"passed","time":{"start":1735178988077,"stop":1735178995401,"duration":7324}},{"uid":"221d5ee3e2658892","reportUrl":"https://NguyenGiaThuy.github.io/AdvancedAutomationTesting/22//#testresult/221d5ee3e2658892","status":"passed","time":{"start":1735178832986,"stop":1735178839323,"duration":6337}},{"uid":"9199708431535ff7","reportUrl":"https://NguyenGiaThuy.github.io/AdvancedAutomationTesting/21//#testresult/9199708431535ff7","status":"passed","time":{"start":1735178245104,"stop":1735178251642,"duration":6538}},{"uid":"496560f2644ac11","reportUrl":"https://NguyenGiaThuy.github.io/AdvancedAutomationTesting/3//#testresult/496560f2644ac11","status":"failed","statusDetails":"Assert.AreEqual failed. Expected:<14>. Actual:<25>. ","time":{"start":1735120740295,"stop":1735120746927,"duration":6632}},{"uid":"1a1c7c4b44dad596","reportUrl":"https://NguyenGiaThuy.github.io/AdvancedAutomationTesting/2//#testresult/1a1c7c4b44dad596","status":"failed","statusDetails":"Unable to create instance of class MockProject.Tests.ReportDataTest. Error: OpenQA.Selenium.WebDriverException: Process unexpectedly closed with status 1.","time":{"start":1735120180981,"stop":1735120181284,"duration":303}}]},"MockProject.Tests.ReportDataTest.TC_DATA_SECTION_01 - Verify that the data table can be enlarged.":{"statistic":{"failed":1,"broken":0,"skipped":0,"passed":6,"unknown":0,"total":7},"items":[{"uid":"e93787c4c0d5fcf5","reportUrl":"https://NguyenGiaThuy.github.io/AdvancedAutomationTesting/26//#testresult/e93787c4c0d5fcf5","status":"passed","time":{"start":1735804708134,"stop":1735804718421,"duration":10287}},{"uid":"8853d3a30c3585b6","reportUrl":"https://NguyenGiaThuy.github.io/AdvancedAutomationTesting/25//#testresult/8853d3a30c3585b6","status":"passed","time":{"start":1735789133890,"stop":1735789144535,"duration":10645}},{"uid":"d447a6144fe430b","reportUrl":"https://NguyenGiaThuy.github.io/AdvancedAutomationTesting/23//#testresult/d447a6144fe430b","status":"passed","time":{"start":1735178956476,"stop":1735178977487,"duration":21011}},{"uid":"2ae77183ca43d73e","reportUrl":"https://NguyenGiaThuy.github.io/AdvancedAutomationTesting/22//#testresult/2ae77183ca43d73e","status":"passed","time":{"start":1735178794553,"stop":1735178822978,"duration":28425}},{"uid":"45e458d162a1befd","reportUrl":"https://NguyenGiaThuy.github.io/AdvancedAutomationTesting/21//#testresult/45e458d162a1befd","status":"passed","time":{"start":1735178222501,"stop":1735178235758,"duration":13257}},{"uid":"df0ca1ddab2a098e","reportUrl":"https://NguyenGiaThuy.github.io/AdvancedAutomationTesting/3//#testresult/df0ca1ddab2a098e","status":"passed","time":{"start":1735120708633,"stop":1735120730166,"duration":21533}},{"uid":"44e0ffcc2743bd3","reportUrl":"https://NguyenGiaThuy.github.io/AdvancedAutomationTesting/2//#testresult/44e0ffcc2743bd3","status":"failed","statusDetails":"Unable to create instance of class MockProject.Tests.ReportDataTest. Error: OpenQA.Selenium.WebDriverException: Process unexpectedly closed with status 1.","time":{"start":1735120178513,"stop":1735120180651,"duration":2138}}]},"MockProject.Tests.ReportDataTest.TC_DATA_SECTION_07 - Verify that the new value of Leave Type shows in the data table.":{"statistic":{"failed":1,"broken":0,"skipped":0,"passed":6,"unknown":0,"total":7},"items":[{"uid":"8aa6592436d35d9c","reportUrl":"https://NguyenGiaThuy.github.io/AdvancedAutomationTesting/26//#testresult/8aa6592436d35d9c","status":"passed","time":{"start":1735804722036,"stop":1735804737351,"duration":15315}},{"uid":"c0d39bf7c233a877","reportUrl":"https://NguyenGiaThuy.github.io/AdvancedAutomationTesting/25//#testresult/c0d39bf7c233a877","status":"passed","time":{"start":1735789149324,"stop":1735789162570,"duration":13246}},{"uid":"54bd2fc26cb691ef","reportUrl":"https://NguyenGiaThuy.github.io/AdvancedAutomationTesting/23//#testresult/54bd2fc26cb691ef","status":"passed","time":{"start":1735179024026,"stop":1735179037100,"duration":13074}},{"uid":"cc34ecfd3e5ae12f","reportUrl":"https://NguyenGiaThuy.github.io/AdvancedAutomationTesting/22//#testresult/cc34ecfd3e5ae12f","status":"passed","time":{"start":1735178865495,"stop":1735178876884,"duration":11389}},{"uid":"13e140d48bbbd83a","reportUrl":"https://NguyenGiaThuy.github.io/AdvancedAutomationTesting/21//#testresult/13e140d48bbbd83a","status":"passed","time":{"start":1735178278146,"stop":1735178289598,"duration":11452}},{"uid":"3b733786fe686993","reportUrl":"https://NguyenGiaThuy.github.io/AdvancedAutomationTesting/3//#testresult/3b733786fe686993","status":"passed","time":{"start":1735120773278,"stop":1735120784630,"duration":11352}},{"uid":"2f2425e2c4f82b0a","reportUrl":"https://NguyenGiaThuy.github.io/AdvancedAutomationTesting/2//#testresult/2f2425e2c4f82b0a","status":"failed","statusDetails":"Unable to create instance of class MockProject.Tests.ReportDataTest. Error: OpenQA.Selenium.WebDriverException: Process unexpectedly closed with status 1.","time":{"start":1735120182001,"stop":1735120182330,"duration":329}}]},"MockProject.Tests.GenerateReportTest.TC_GENERATE_SECTION_04 - Verify that the system will not generate a report with invalid period.":{"statistic":{"failed":1,"broken":0,"skipped":0,"passed":6,"unknown":0,"total":7},"items":[{"uid":"fc0587aef44deacf","reportUrl":"https://NguyenGiaThuy.github.io/AdvancedAutomationTesting/26//#testresult/fc0587aef44deacf","status":"passed","time":{"start":1735804699427,"stop":1735804707990,"duration":8563}},{"uid":"5796aa1d4f96e00b","reportUrl":"https://NguyenGiaThuy.github.io/AdvancedAutomationTesting/25//#testresult/5796aa1d4f96e00b","status":"passed","time":{"start":1735789123621,"stop":1735789133890,"duration":10269}},{"uid":"daa2d7b35beafe65","reportUrl":"https://NguyenGiaThuy.github.io/AdvancedAutomationTesting/23//#testresult/daa2d7b35beafe65","status":"passed","time":{"start":1735179002603,"stop":1735179010124,"duration":7521}},{"uid":"5222c576dfe06180","reportUrl":"https://NguyenGiaThuy.github.io/AdvancedAutomationTesting/22//#testresult/5222c576dfe06180","status":"passed","time":{"start":1735178845853,"stop":1735178852568,"duration":6715}},{"uid":"ecc8345fe2d1c3b4","reportUrl":"https://NguyenGiaThuy.github.io/AdvancedAutomationTesting/21//#testresult/ecc8345fe2d1c3b4","status":"passed","time":{"start":1735178258859,"stop":1735178265680,"duration":6821}},{"uid":"c2108b55e715bcfa","reportUrl":"https://NguyenGiaThuy.github.io/AdvancedAutomationTesting/3//#testresult/c2108b55e715bcfa","status":"passed","time":{"start":1735120754807,"stop":1735120761607,"duration":6800}},{"uid":"b37cf33320b44970","reportUrl":"https://NguyenGiaThuy.github.io/AdvancedAutomationTesting/2//#testresult/b37cf33320b44970","status":"failed","statusDetails":"Unable to create instance of class MockProject.Tests.GenerateReportTest. Error: OpenQA.Selenium.WebDriverException: Process unexpectedly closed with status 1.","time":{"start":1735120181716,"stop":1735120182082,"duration":366}}]},"MockProject.Tests.ReportDataTest.TC_DATA_SECTION_06 - Verify that the deleted value of Leave Type does not show in the data table.":{"statistic":{"failed":7,"broken":0,"skipped":0,"passed":0,"unknown":0,"total":7},"items":[{"uid":"fd99949fcffcf7b8","reportUrl":"https://NguyenGiaThuy.github.io/AdvancedAutomationTesting/26//#testresult/fd99949fcffcf7b8","status":"failed","statusDetails":"Test method MockProject.Tests.ReportDataTest.TestDeletedLeaveTypeDoesnotShowSuccessfully threw exception: \r\nTestCore.Exceptions.PostconditionException: Failed to recover the leave type: CAN - Bereavement","time":{"start":1735804721895,"stop":1735804743065,"duration":21170}},{"uid":"85ed6ea46513aeef","reportUrl":"https://NguyenGiaThuy.github.io/AdvancedAutomationTesting/25//#testresult/85ed6ea46513aeef","status":"failed","statusDetails":"Test method MockProject.Tests.ReportDataTest.TestDeletedLeaveTypeDoesnotShowSuccessfully threw exception: \r\nTestCore.Exceptions.PostconditionException: Failed to recover the leave type: CAN - Bereavement","time":{"start":1735789148036,"stop":1735789167572,"duration":19536}},{"uid":"467f42337584e5dc","reportUrl":"https://NguyenGiaThuy.github.io/AdvancedAutomationTesting/23//#testresult/467f42337584e5dc","status":"failed","statusDetails":"Test method MockProject.Tests.ReportDataTest.TestDeletedLeaveTypeDoesnotShowSuccessfully threw exception: \r\nTestCore.Exceptions.PostconditionException: Failed to recover the leave type: CAN - FMLA","time":{"start":1735179003622,"stop":1735179024026,"duration":20404}},{"uid":"425bfd81e28b94e","reportUrl":"https://NguyenGiaThuy.github.io/AdvancedAutomationTesting/22//#testresult/425bfd81e28b94e","status":"failed","statusDetails":"Test method MockProject.Tests.ReportDataTest.TestDeletedLeaveTypeDoesnotShowSuccessfully threw exception: \r\nTestCore.Exceptions.PostconditionException: Failed to recover the leave type: CAN - Bereavement","time":{"start":1735178846517,"stop":1735178865495,"duration":18978}},{"uid":"91a128410433f7e7","reportUrl":"https://NguyenGiaThuy.github.io/AdvancedAutomationTesting/21//#testresult/91a128410433f7e7","status":"failed","statusDetails":"Test method MockProject.Tests.ReportDataTest.TestDeletedLeaveTypeDoesnotShowSuccessfully threw exception: \r\nTestCore.Exceptions.PostconditionException: Failed to recover the leave type: CAN - Bereavement","time":{"start":1735178259210,"stop":1735178278146,"duration":18936}},{"uid":"d4b6c1a5ea36a4d5","reportUrl":"https://NguyenGiaThuy.github.io/AdvancedAutomationTesting/3//#testresult/d4b6c1a5ea36a4d5","status":"failed","statusDetails":"Test method MockProject.Tests.ReportDataTest.TestDeletedLeaveTypeDoesnotShowSuccessfully threw exception: \r\nTestCore.Exceptions.PostconditionException: Failed to recover the leave type: Ailta","time":{"start":1735120754221,"stop":1735120773277,"duration":19056}},{"uid":"72911d6bbdda5975","reportUrl":"https://NguyenGiaThuy.github.io/AdvancedAutomationTesting/2//#testresult/72911d6bbdda5975","status":"failed","statusDetails":"Unable to create instance of class MockProject.Tests.ReportDataTest. Error: OpenQA.Selenium.WebDriverException: Process unexpectedly closed with status 1.","time":{"start":1735120181654,"stop":1735120182001,"duration":347}}]},"MockProject.Tests.GenerateReportTest.Last option":{"statistic":{"failed":1,"broken":0,"skipped":0,"passed":6,"unknown":0,"total":7},"items":[{"uid":"2e3d6c5cee5aff7f","reportUrl":"https://NguyenGiaThuy.github.io/AdvancedAutomationTesting/26//#testresult/2e3d6c5cee5aff7f","status":"passed","time":{"start":1735804671382,"stop":1735804699426,"duration":28044}},{"uid":"68dffeee59b91ea3","reportUrl":"https://NguyenGiaThuy.github.io/AdvancedAutomationTesting/25//#testresult/68dffeee59b91ea3","status":"passed","time":{"start":1735789104364,"stop":1735789123620,"duration":19256}},{"uid":"3f2d5ceda13695d4","reportUrl":"https://NguyenGiaThuy.github.io/AdvancedAutomationTesting/23//#testresult/3f2d5ceda13695d4","status":"passed","time":{"start":1735178977251,"stop":1735178987523,"duration":10272}},{"uid":"2de37ed772f29bb6","reportUrl":"https://NguyenGiaThuy.github.io/AdvancedAutomationTesting/22//#testresult/2de37ed772f29bb6","status":"passed","time":{"start":1735178822912,"stop":1735178832488,"duration":9576}},{"uid":"f044aa3dafccf672","reportUrl":"https://NguyenGiaThuy.github.io/AdvancedAutomationTesting/21//#testresult/f044aa3dafccf672","status":"passed","time":{"start":1735178235838,"stop":1735178245515,"duration":9677}},{"uid":"ec75db2f9b8dccce","reportUrl":"https://NguyenGiaThuy.github.io/AdvancedAutomationTesting/3//#testresult/ec75db2f9b8dccce","status":"passed","time":{"start":1735120730261,"stop":1735120740890,"duration":10629}},{"uid":"6ffb814129def180","reportUrl":"https://NguyenGiaThuy.github.io/AdvancedAutomationTesting/2//#testresult/6ffb814129def180","status":"failed","statusDetails":"Unable to create instance of class MockProject.Tests.GenerateReportTest. Error: OpenQA.Selenium.WebDriverException: Process unexpectedly closed with status 1.","time":{"start":1735120180658,"stop":1735120181073,"duration":415}}]},"MockProject.Tests.GenerateReportTest.Second option":{"statistic":{"failed":1,"broken":0,"skipped":0,"passed":6,"unknown":0,"total":7},"items":[{"uid":"9f7f70912aae522","reportUrl":"https://NguyenGiaThuy.github.io/AdvancedAutomationTesting/26//#testresult/9f7f70912aae522","status":"passed","time":{"start":1735804671380,"stop":1735804699341,"duration":27961}},{"uid":"8b1ba30f0c30e1fd","reportUrl":"https://NguyenGiaThuy.github.io/AdvancedAutomationTesting/25//#testresult/8b1ba30f0c30e1fd","status":"passed","time":{"start":1735789104363,"stop":1735789123509,"duration":19146}},{"uid":"751b7140323e2120","reportUrl":"https://NguyenGiaThuy.github.io/AdvancedAutomationTesting/23//#testresult/751b7140323e2120","status":"passed","time":{"start":1735178956470,"stop":1735178977250,"duration":20780}},{"uid":"b9df81ac41202700","reportUrl":"https://NguyenGiaThuy.github.io/AdvancedAutomationTesting/22//#testresult/b9df81ac41202700","status":"passed","time":{"start":1735178794550,"stop":1735178822911,"duration":28361}},{"uid":"152684913386eed7","reportUrl":"https://NguyenGiaThuy.github.io/AdvancedAutomationTesting/21//#testresult/152684913386eed7","status":"passed","time":{"start":1735178222502,"stop":1735178235837,"duration":13335}},{"uid":"a837c356671b0596","reportUrl":"https://NguyenGiaThuy.github.io/AdvancedAutomationTesting/3//#testresult/a837c356671b0596","status":"passed","time":{"start":1735120708631,"stop":1735120730261,"duration":21630}},{"uid":"d2d903ee684f11fd","reportUrl":"https://NguyenGiaThuy.github.io/AdvancedAutomationTesting/2//#testresult/d2d903ee684f11fd","status":"failed","statusDetails":"Unable to create instance of class MockProject.Tests.GenerateReportTest. Error: OpenQA.Selenium.WebDriverException: Process unexpectedly closed with status 1.","time":{"start":1735120178511,"stop":1735120180651,"duration":2140}}]},"MockProject.Tests.GenerateReportTest.TC_GENERATE_SECTION_05 - Verify that the section containing Generate button can collapse.":{"statistic":{"failed":1,"broken":0,"skipped":0,"passed":6,"unknown":0,"total":7},"items":[{"uid":"52e68fed6d29e4f1","reportUrl":"https://NguyenGiaThuy.github.io/AdvancedAutomationTesting/26//#testresult/52e68fed6d29e4f1","status":"passed","time":{"start":1735804704388,"stop":1735804712210,"duration":7822}},{"uid":"fed172dc0c606ac7","reportUrl":"https://NguyenGiaThuy.github.io/AdvancedAutomationTesting/25//#testresult/fed172dc0c606ac7","status":"passed","time":{"start":1735789131006,"stop":1735789139380,"duration":8374}},{"uid":"1ce29fc1186963e0","reportUrl":"https://NguyenGiaThuy.github.io/AdvancedAutomationTesting/23//#testresult/1ce29fc1186963e0","status":"passed","time":{"start":1735179010125,"stop":1735179017379,"duration":7254}},{"uid":"d76e9f7f36125def","reportUrl":"https://NguyenGiaThuy.github.io/AdvancedAutomationTesting/22//#testresult/d76e9f7f36125def","status":"passed","time":{"start":1735178852569,"stop":1735178858758,"duration":6189}},{"uid":"e38ede4f8ed26ba3","reportUrl":"https://NguyenGiaThuy.github.io/AdvancedAutomationTesting/21//#testresult/e38ede4f8ed26ba3","status":"passed","time":{"start":1735178265681,"stop":1735178272019,"duration":6338}},{"uid":"eb184e2dda68d65c","reportUrl":"https://NguyenGiaThuy.github.io/AdvancedAutomationTesting/3//#testresult/eb184e2dda68d65c","status":"passed","time":{"start":1735120761608,"stop":1735120767973,"duration":6365}},{"uid":"b45f8d0eb2bf7e2f","reportUrl":"https://NguyenGiaThuy.github.io/AdvancedAutomationTesting/2//#testresult/b45f8d0eb2bf7e2f","status":"failed","statusDetails":"Unable to create instance of class MockProject.Tests.GenerateReportTest. Error: OpenQA.Selenium.WebDriverException: Process unexpectedly closed with status 1.","time":{"start":1735120182082,"stop":1735120182409,"duration":327}}]}}