{"uid":"d4b6c1a5ea36a4d5","name":"TC_DATA_SECTION_06 - Verify that the deleted value of Leave Type does not show in the data table.","fullName":"MockProject.Tests.ReportDataTest.TC_DATA_SECTION_06 - Verify that the deleted value of Leave Type does not show in the data table.","historyId":"MockProject.Tests.ReportDataTest.TC_DATA_SECTION_06 - Verify that the deleted value of Leave Type does not show in the data table.","time":{"start":1735120754221,"stop":1735120773277,"duration":19056},"status":"failed","statusMessage":"Test method MockProject.Tests.ReportDataTest.TestDeletedLeaveTypeDoesnotShowSuccessfully threw exception: \r\nTestCore.Exceptions.PostconditionException: Failed to recover the leave type: Ailta","statusTrace":"    at MockProject.Tests.ReportDataTest.DeleteLeaveTypePostcondition(String leaveTypeName) in /home/runner/work/AdvancedAutomationTesting/AdvancedAutomationTesting/SeleniumTestFramework/Tests/ReportDataTest.cs:line 87\n   at MockProject.Tests.ReportDataTest.TestDeletedLeaveTypeDoesnotShowSuccessfully() in /home/runner/work/AdvancedAutomationTesting/AdvancedAutomationTesting/SeleniumTestFramework/Tests/ReportDataTest.cs:line 278\n   at System.RuntimeMethodHandle.InvokeMethod(Object target, Void** arguments, Signature sig, Boolean isConstructor)\n   at System.Reflection.MethodBaseInvoker.InvokeWithNoArgs(Object obj, BindingFlags invokeAttr)\n","flaky":false,"newFailed":false,"newBroken":false,"newPassed":false,"retriesCount":0,"retriesStatusChange":false,"beforeStages":[],"afterStages":[],"labels":[{"name":"suite","value":"MockProject.Tests.ReportDataTest"},{"name":"testClass","value":"MockProject.Tests.ReportDataTest"},{"name":"package","value":"MockProject.Tests.ReportDataTest"},{"name":"resultFormat","value":"trx"}],"parameters":[],"links":[],"hidden":false,"retry":false,"extra":{"severity":"normal","retries":[],"categories":[{"name":"Product defects","matchedStatuses":[],"flaky":false}],"history":{"statistic":{"failed":2,"broken":0,"skipped":0,"passed":0,"unknown":0,"total":2},"items":[{"uid":"72911d6bbdda5975","reportUrl":"https://NguyenGiaThuy.github.io/AdvancedAutomationTesting/2//#testresult/72911d6bbdda5975","status":"failed","statusDetails":"Unable to create instance of class MockProject.Tests.ReportDataTest. Error: OpenQA.Selenium.WebDriverException: Process unexpectedly closed with status 1.","time":{"start":1735120181654,"stop":1735120182001,"duration":347}}]},"tags":[]},"source":"d4b6c1a5ea36a4d5.json","parameterValues":[]}