{"MockProject.Tests.GenerateReportTest.TC_GENERATE_SECTION_02 - Verify thata the system validates the selected leave period.":{"statistic":{"failed":1,"broken":0,"skipped":0,"passed":1,"unknown":0,"total":2},"items":[{"uid":"e622866ed752435f","reportUrl":"https://NguyenGiaThuy.github.io/AdvancedAutomationTesting/3//#testresult/e622866ed752435f","status":"passed","time":{"start":1735120740890,"stop":1735120747179,"duration":6289}},{"uid":"bb6c74c04077a5ec","reportUrl":"https://NguyenGiaThuy.github.io/AdvancedAutomationTesting/2//#testresult/bb6c74c04077a5ec","status":"failed","statusDetails":"Unable to create instance of class MockProject.Tests.GenerateReportTest. Error: OpenQA.Selenium.WebDriverException: Process unexpectedly closed with status 1.","time":{"start":1735120181073,"stop":1735120181391,"duration":318}}]},"MockProject.Tests.GenerateReportTest.TC_GENERATE_SECTION_03 - Verify thath the system allows report generation.":{"statistic":{"failed":1,"broken":0,"skipped":0,"passed":1,"unknown":0,"total":2},"items":[{"uid":"cf8debb96e7c4e64","reportUrl":"https://NguyenGiaThuy.github.io/AdvancedAutomationTesting/3//#testresult/cf8debb96e7c4e64","status":"passed","time":{"start":1735120747179,"stop":1735120754807,"duration":7628}},{"uid":"c9c851524fb79f27","reportUrl":"https://NguyenGiaThuy.github.io/AdvancedAutomationTesting/2//#testresult/c9c851524fb79f27","status":"failed","statusDetails":"Unable to create instance of class MockProject.Tests.GenerateReportTest. Error: OpenQA.Selenium.WebDriverException: Process unexpectedly closed with status 1.","time":{"start":1735120181391,"stop":1735120181716,"duration":325}}]},"MockProject.Tests.GenerateReportTest.TC_GENERATE_SECTION_06 - Verify that the section containing Generate button can expand.":{"statistic":{"failed":1,"broken":0,"skipped":0,"passed":1,"unknown":0,"total":2},"items":[{"uid":"43e9b636fb2c2682","reportUrl":"https://NguyenGiaThuy.github.io/AdvancedAutomationTesting/3//#testresult/43e9b636fb2c2682","status":"passed","time":{"start":1735120767973,"stop":1735120773177,"duration":5204}},{"uid":"6cf2aa056ddb8f56","reportUrl":"https://NguyenGiaThuy.github.io/AdvancedAutomationTesting/2//#testresult/6cf2aa056ddb8f56","status":"failed","statusDetails":"Unable to create instance of class MockProject.Tests.GenerateReportTest. Error: OpenQA.Selenium.WebDriverException: Process unexpectedly closed with status 1.","time":{"start":1735120182409,"stop":1735120182708,"duration":299}}]},"MockProject.Tests.ReportDataTest.TC_DATA_SECTION_05 - Verify that the data types in the data table are valid.":{"statistic":{"failed":1,"broken":0,"skipped":0,"passed":1,"unknown":0,"total":2},"items":[{"uid":"bcccc30f40868a2a","reportUrl":"https://NguyenGiaThuy.github.io/AdvancedAutomationTesting/3//#testresult/bcccc30f40868a2a","status":"passed","time":{"start":1735120746928,"stop":1735120754221,"duration":7293}},{"uid":"995060764cf808aa","reportUrl":"https://NguyenGiaThuy.github.io/AdvancedAutomationTesting/2//#testresult/995060764cf808aa","status":"failed","statusDetails":"Unable to create instance of class MockProject.Tests.ReportDataTest. Error: OpenQA.Selenium.WebDriverException: Process unexpectedly closed with status 1.","time":{"start":1735120181284,"stop":1735120181654,"duration":370}}]},"MockProject.Tests.AccessToMyLeaveBalanceReportTest.TC_PAGE_01 - Verify that the user can access the Leave Entitlements and Usage Report page.":{"statistic":{"failed":1,"broken":0,"skipped":0,"passed":1,"unknown":0,"total":2},"items":[{"uid":"340e29fcb329d359","reportUrl":"https://NguyenGiaThuy.github.io/AdvancedAutomationTesting/3//#testresult/340e29fcb329d359","status":"passed","time":{"start":1735120708629,"stop":1735120728842,"duration":20213}},{"uid":"d8cd49ff1c262c40","reportUrl":"https://NguyenGiaThuy.github.io/AdvancedAutomationTesting/2//#testresult/d8cd49ff1c262c40","status":"failed","statusDetails":"Unable to create instance of class MockProject.Tests.AccessToMyLeaveBalanceReportTest. Error: OpenQA.Selenium.WebDriverException: Process unexpectedly closed with status 1.","time":{"start":1735120178507,"stop":1735120180651,"duration":2144}}]},"MockProject.Tests.ReportDataTest.TC_DATA_SECTION_02 - Verify that the data table can be shrunk.":{"statistic":{"failed":1,"broken":0,"skipped":0,"passed":1,"unknown":0,"total":2},"items":[{"uid":"18876d09e9c9f0ec","reportUrl":"https://NguyenGiaThuy.github.io/AdvancedAutomationTesting/3//#testresult/18876d09e9c9f0ec","status":"passed","time":{"start":1735120730167,"stop":1735120740294,"duration":10127}},{"uid":"66156b611b7fdbf1","reportUrl":"https://NguyenGiaThuy.github.io/AdvancedAutomationTesting/2//#testresult/66156b611b7fdbf1","status":"failed","statusDetails":"Unable to create instance of class MockProject.Tests.ReportDataTest. Error: OpenQA.Selenium.WebDriverException: Process unexpectedly closed with status 1.","time":{"start":1735120180658,"stop":1735120180980,"duration":322}}]},"MockProject.Tests.ReportDataTest.TC_DATA_SECTION_04 - Verify that the report counter matches the total number of records generated.":{"statistic":{"failed":2,"broken":0,"skipped":0,"passed":0,"unknown":0,"total":2},"items":[{"uid":"496560f2644ac11","reportUrl":"https://NguyenGiaThuy.github.io/AdvancedAutomationTesting/3//#testresult/496560f2644ac11","status":"failed","statusDetails":"Assert.AreEqual failed. Expected:<14>. Actual:<25>. ","time":{"start":1735120740295,"stop":1735120746927,"duration":6632}},{"uid":"1a1c7c4b44dad596","reportUrl":"https://NguyenGiaThuy.github.io/AdvancedAutomationTesting/2//#testresult/1a1c7c4b44dad596","status":"failed","statusDetails":"Unable to create instance of class MockProject.Tests.ReportDataTest. Error: OpenQA.Selenium.WebDriverException: Process unexpectedly closed with status 1.","time":{"start":1735120180981,"stop":1735120181284,"duration":303}}]},"MockProject.Tests.ReportDataTest.TC_DATA_SECTION_01 - Verify that the data table can be enlarged.":{"statistic":{"failed":1,"broken":0,"skipped":0,"passed":1,"unknown":0,"total":2},"items":[{"uid":"df0ca1ddab2a098e","reportUrl":"https://NguyenGiaThuy.github.io/AdvancedAutomationTesting/3//#testresult/df0ca1ddab2a098e","status":"passed","time":{"start":1735120708633,"stop":1735120730166,"duration":21533}},{"uid":"44e0ffcc2743bd3","reportUrl":"https://NguyenGiaThuy.github.io/AdvancedAutomationTesting/2//#testresult/44e0ffcc2743bd3","status":"failed","statusDetails":"Unable to create instance of class MockProject.Tests.ReportDataTest. Error: OpenQA.Selenium.WebDriverException: Process unexpectedly closed with status 1.","time":{"start":1735120178513,"stop":1735120180651,"duration":2138}}]},"MockProject.Tests.ReportDataTest.TC_DATA_SECTION_07 - Verify that the new value of Leave Type shows in the data table.":{"statistic":{"failed":1,"broken":0,"skipped":0,"passed":1,"unknown":0,"total":2},"items":[{"uid":"3b733786fe686993","reportUrl":"https://NguyenGiaThuy.github.io/AdvancedAutomationTesting/3//#testresult/3b733786fe686993","status":"passed","time":{"start":1735120773278,"stop":1735120784630,"duration":11352}},{"uid":"2f2425e2c4f82b0a","reportUrl":"https://NguyenGiaThuy.github.io/AdvancedAutomationTesting/2//#testresult/2f2425e2c4f82b0a","status":"failed","statusDetails":"Unable to create instance of class MockProject.Tests.ReportDataTest. Error: OpenQA.Selenium.WebDriverException: Process unexpectedly closed with status 1.","time":{"start":1735120182001,"stop":1735120182330,"duration":329}}]},"MockProject.Tests.GenerateReportTest.TC_GENERATE_SECTION_04 - Verify that the system will not generate a report with invalid period.":{"statistic":{"failed":1,"broken":0,"skipped":0,"passed":1,"unknown":0,"total":2},"items":[{"uid":"c2108b55e715bcfa","reportUrl":"https://NguyenGiaThuy.github.io/AdvancedAutomationTesting/3//#testresult/c2108b55e715bcfa","status":"passed","time":{"start":1735120754807,"stop":1735120761607,"duration":6800}},{"uid":"b37cf33320b44970","reportUrl":"https://NguyenGiaThuy.github.io/AdvancedAutomationTesting/2//#testresult/b37cf33320b44970","status":"failed","statusDetails":"Unable to create instance of class MockProject.Tests.GenerateReportTest. Error: OpenQA.Selenium.WebDriverException: Process unexpectedly closed with status 1.","time":{"start":1735120181716,"stop":1735120182082,"duration":366}}]},"MockProject.Tests.ReportDataTest.TC_DATA_SECTION_06 - Verify that the deleted value of Leave Type does not show in the data table.":{"statistic":{"failed":2,"broken":0,"skipped":0,"passed":0,"unknown":0,"total":2},"items":[{"uid":"d4b6c1a5ea36a4d5","reportUrl":"https://NguyenGiaThuy.github.io/AdvancedAutomationTesting/3//#testresult/d4b6c1a5ea36a4d5","status":"failed","statusDetails":"Test method MockProject.Tests.ReportDataTest.TestDeletedLeaveTypeDoesnotShowSuccessfully threw exception: \r\nTestCore.Exceptions.PostconditionException: Failed to recover the leave type: Ailta","time":{"start":1735120754221,"stop":1735120773277,"duration":19056}},{"uid":"72911d6bbdda5975","reportUrl":"https://NguyenGiaThuy.github.io/AdvancedAutomationTesting/2//#testresult/72911d6bbdda5975","status":"failed","statusDetails":"Unable to create instance of class MockProject.Tests.ReportDataTest. Error: OpenQA.Selenium.WebDriverException: Process unexpectedly closed with status 1.","time":{"start":1735120181654,"stop":1735120182001,"duration":347}}]},"MockProject.Tests.GenerateReportTest.Last option":{"statistic":{"failed":1,"broken":0,"skipped":0,"passed":1,"unknown":0,"total":2},"items":[{"uid":"ec75db2f9b8dccce","reportUrl":"https://NguyenGiaThuy.github.io/AdvancedAutomationTesting/3//#testresult/ec75db2f9b8dccce","status":"passed","time":{"start":1735120730261,"stop":1735120740890,"duration":10629}},{"uid":"6ffb814129def180","reportUrl":"https://NguyenGiaThuy.github.io/AdvancedAutomationTesting/2//#testresult/6ffb814129def180","status":"failed","statusDetails":"Unable to create instance of class MockProject.Tests.GenerateReportTest. Error: OpenQA.Selenium.WebDriverException: Process unexpectedly closed with status 1.","time":{"start":1735120180658,"stop":1735120181073,"duration":415}}]},"MockProject.Tests.GenerateReportTest.Second option":{"statistic":{"failed":1,"broken":0,"skipped":0,"passed":1,"unknown":0,"total":2},"items":[{"uid":"a837c356671b0596","reportUrl":"https://NguyenGiaThuy.github.io/AdvancedAutomationTesting/3//#testresult/a837c356671b0596","status":"passed","time":{"start":1735120708631,"stop":1735120730261,"duration":21630}},{"uid":"d2d903ee684f11fd","reportUrl":"https://NguyenGiaThuy.github.io/AdvancedAutomationTesting/2//#testresult/d2d903ee684f11fd","status":"failed","statusDetails":"Unable to create instance of class MockProject.Tests.GenerateReportTest. Error: OpenQA.Selenium.WebDriverException: Process unexpectedly closed with status 1.","time":{"start":1735120178511,"stop":1735120180651,"duration":2140}}]},"MockProject.Tests.GenerateReportTest.TC_GENERATE_SECTION_05 - Verify that the section containing Generate button can collapse.":{"statistic":{"failed":1,"broken":0,"skipped":0,"passed":1,"unknown":0,"total":2},"items":[{"uid":"eb184e2dda68d65c","reportUrl":"https://NguyenGiaThuy.github.io/AdvancedAutomationTesting/3//#testresult/eb184e2dda68d65c","status":"passed","time":{"start":1735120761608,"stop":1735120767973,"duration":6365}},{"uid":"b45f8d0eb2bf7e2f","reportUrl":"https://NguyenGiaThuy.github.io/AdvancedAutomationTesting/2//#testresult/b45f8d0eb2bf7e2f","status":"failed","statusDetails":"Unable to create instance of class MockProject.Tests.GenerateReportTest. Error: OpenQA.Selenium.WebDriverException: Process unexpectedly closed with status 1.","time":{"start":1735120182082,"stop":1735120182409,"duration":327}}]}}