{"uid":"467f42337584e5dc","name":"TC_DATA_SECTION_06 - Verify that the deleted value of Leave Type does not show in the data table.","fullName":"MockProject.Tests.ReportDataTest.TC_DATA_SECTION_06 - Verify that the deleted value of Leave Type does not show in the data table.","historyId":"MockProject.Tests.ReportDataTest.TC_DATA_SECTION_06 - Verify that the deleted value of Leave Type does not show in the data table.","time":{"start":1735179003622,"stop":1735179024026,"duration":20404},"status":"failed","statusMessage":"Test method MockProject.Tests.ReportDataTest.TestDeletedLeaveTypeDoesnotShowSuccessfully threw exception: \r\nTestCore.Exceptions.PostconditionException: Failed to recover the leave type: CAN - FMLA","statusTrace":"    at MockProject.Tests.ReportDataTest.DeleteLeaveTypePostcondition(String leaveTypeName) in /home/runner/work/AdvancedAutomationTesting/AdvancedAutomationTesting/SeleniumTestFramework/Tests/ReportDataTest.cs:line 87\n   at MockProject.Tests.ReportDataTest.TestDeletedLeaveTypeDoesnotShowSuccessfully() in /home/runner/work/AdvancedAutomationTesting/AdvancedAutomationTesting/SeleniumTestFramework/Tests/ReportDataTest.cs:line 278\n   at System.RuntimeMethodHandle.InvokeMethod(Object target, Void** arguments, Signature sig, Boolean isConstructor)\n   at System.Reflection.MethodBaseInvoker.InvokeWithNoArgs(Object obj, BindingFlags invokeAttr)\n","flaky":false,"newFailed":false,"newBroken":false,"newPassed":false,"retriesCount":0,"retriesStatusChange":false,"beforeStages":[],"afterStages":[],"labels":[{"name":"suite","value":"MockProject.Tests.ReportDataTest"},{"name":"testClass","value":"MockProject.Tests.ReportDataTest"},{"name":"package","value":"MockProject.Tests.ReportDataTest"},{"name":"resultFormat","value":"trx"}],"parameters":[],"links":[],"hidden":false,"retry":false,"extra":{"severity":"normal","retries":[],"categories":[{"name":"Product defects","matchedStatuses":[],"flaky":false}],"history":{"statistic":{"failed":5,"broken":0,"skipped":0,"passed":0,"unknown":0,"total":5},"items":[{"uid":"425bfd81e28b94e","reportUrl":"https://NguyenGiaThuy.github.io/AdvancedAutomationTesting/22//#testresult/425bfd81e28b94e","status":"failed","statusDetails":"Test method MockProject.Tests.ReportDataTest.TestDeletedLeaveTypeDoesnotShowSuccessfully threw exception: \r\nTestCore.Exceptions.PostconditionException: Failed to recover the leave type: CAN - Bereavement","time":{"start":1735178846517,"stop":1735178865495,"duration":18978}},{"uid":"91a128410433f7e7","reportUrl":"https://NguyenGiaThuy.github.io/AdvancedAutomationTesting/21//#testresult/91a128410433f7e7","status":"failed","statusDetails":"Test method MockProject.Tests.ReportDataTest.TestDeletedLeaveTypeDoesnotShowSuccessfully threw exception: \r\nTestCore.Exceptions.PostconditionException: Failed to recover the leave type: CAN - Bereavement","time":{"start":1735178259210,"stop":1735178278146,"duration":18936}},{"uid":"d4b6c1a5ea36a4d5","reportUrl":"https://NguyenGiaThuy.github.io/AdvancedAutomationTesting/3//#testresult/d4b6c1a5ea36a4d5","status":"failed","statusDetails":"Test method MockProject.Tests.ReportDataTest.TestDeletedLeaveTypeDoesnotShowSuccessfully threw exception: \r\nTestCore.Exceptions.PostconditionException: Failed to recover the leave type: Ailta","time":{"start":1735120754221,"stop":1735120773277,"duration":19056}},{"uid":"72911d6bbdda5975","reportUrl":"https://NguyenGiaThuy.github.io/AdvancedAutomationTesting/2//#testresult/72911d6bbdda5975","status":"failed","statusDetails":"Unable to create instance of class MockProject.Tests.ReportDataTest. Error: OpenQA.Selenium.WebDriverException: Process unexpectedly closed with status 1.","time":{"start":1735120181654,"stop":1735120182001,"duration":347}}]},"tags":[]},"source":"467f42337584e5dc.json","parameterValues":[]}