{"MockProject.Tests.GenerateReportTest.TC_GENERATE_SECTION_02 - Verify thata the system validates the selected leave period.":{"statistic":{"failed":1,"broken":0,"skipped":0,"passed":0,"unknown":0,"total":1},"items":[{"uid":"bb6c74c04077a5ec","reportUrl":"https://NguyenGiaThuy.github.io/AdvancedAutomationTesting/2//#testresult/bb6c74c04077a5ec","status":"failed","statusDetails":"Unable to create instance of class MockProject.Tests.GenerateReportTest. Error: OpenQA.Selenium.WebDriverException: Process unexpectedly closed with status 1.","time":{"start":1735120181073,"stop":1735120181391,"duration":318}}]},"MockProject.Tests.GenerateReportTest.TC_GENERATE_SECTION_03 - Verify thath the system allows report generation.":{"statistic":{"failed":1,"broken":0,"skipped":0,"passed":0,"unknown":0,"total":1},"items":[{"uid":"c9c851524fb79f27","reportUrl":"https://NguyenGiaThuy.github.io/AdvancedAutomationTesting/2//#testresult/c9c851524fb79f27","status":"failed","statusDetails":"Unable to create instance of class MockProject.Tests.GenerateReportTest. Error: OpenQA.Selenium.WebDriverException: Process unexpectedly closed with status 1.","time":{"start":1735120181391,"stop":1735120181716,"duration":325}}]},"MockProject.Tests.GenerateReportTest.TC_GENERATE_SECTION_06 - Verify that the section containing Generate button can expand.":{"statistic":{"failed":1,"broken":0,"skipped":0,"passed":0,"unknown":0,"total":1},"items":[{"uid":"6cf2aa056ddb8f56","reportUrl":"https://NguyenGiaThuy.github.io/AdvancedAutomationTesting/2//#testresult/6cf2aa056ddb8f56","status":"failed","statusDetails":"Unable to create instance of class MockProject.Tests.GenerateReportTest. Error: OpenQA.Selenium.WebDriverException: Process unexpectedly closed with status 1.","time":{"start":1735120182409,"stop":1735120182708,"duration":299}}]},"MockProject.Tests.ReportDataTest.TC_DATA_SECTION_05 - Verify that the data types in the data table are valid.":{"statistic":{"failed":1,"broken":0,"skipped":0,"passed":0,"unknown":0,"total":1},"items":[{"uid":"995060764cf808aa","reportUrl":"https://NguyenGiaThuy.github.io/AdvancedAutomationTesting/2//#testresult/995060764cf808aa","status":"failed","statusDetails":"Unable to create instance of class MockProject.Tests.ReportDataTest. Error: OpenQA.Selenium.WebDriverException: Process unexpectedly closed with status 1.","time":{"start":1735120181284,"stop":1735120181654,"duration":370}}]},"MockProject.Tests.AccessToMyLeaveBalanceReportTest.TC_PAGE_01 - Verify that the user can access the Leave Entitlements and Usage Report page.":{"statistic":{"failed":1,"broken":0,"skipped":0,"passed":0,"unknown":0,"total":1},"items":[{"uid":"d8cd49ff1c262c40","reportUrl":"https://NguyenGiaThuy.github.io/AdvancedAutomationTesting/2//#testresult/d8cd49ff1c262c40","status":"failed","statusDetails":"Unable to create instance of class MockProject.Tests.AccessToMyLeaveBalanceReportTest. Error: OpenQA.Selenium.WebDriverException: Process unexpectedly closed with status 1.","time":{"start":1735120178507,"stop":1735120180651,"duration":2144}}]},"MockProject.Tests.ReportDataTest.TC_DATA_SECTION_02 - Verify that the data table can be shrunk.":{"statistic":{"failed":1,"broken":0,"skipped":0,"passed":0,"unknown":0,"total":1},"items":[{"uid":"66156b611b7fdbf1","reportUrl":"https://NguyenGiaThuy.github.io/AdvancedAutomationTesting/2//#testresult/66156b611b7fdbf1","status":"failed","statusDetails":"Unable to create instance of class MockProject.Tests.ReportDataTest. Error: OpenQA.Selenium.WebDriverException: Process unexpectedly closed with status 1.","time":{"start":1735120180658,"stop":1735120180980,"duration":322}}]},"MockProject.Tests.ReportDataTest.TC_DATA_SECTION_04 - Verify that the report counter matches the total number of records generated.":{"statistic":{"failed":1,"broken":0,"skipped":0,"passed":0,"unknown":0,"total":1},"items":[{"uid":"1a1c7c4b44dad596","reportUrl":"https://NguyenGiaThuy.github.io/AdvancedAutomationTesting/2//#testresult/1a1c7c4b44dad596","status":"failed","statusDetails":"Unable to create instance of class MockProject.Tests.ReportDataTest. Error: OpenQA.Selenium.WebDriverException: Process unexpectedly closed with status 1.","time":{"start":1735120180981,"stop":1735120181284,"duration":303}}]},"MockProject.Tests.ReportDataTest.TC_DATA_SECTION_01 - Verify that the data table can be enlarged.":{"statistic":{"failed":1,"broken":0,"skipped":0,"passed":0,"unknown":0,"total":1},"items":[{"uid":"44e0ffcc2743bd3","reportUrl":"https://NguyenGiaThuy.github.io/AdvancedAutomationTesting/2//#testresult/44e0ffcc2743bd3","status":"failed","statusDetails":"Unable to create instance of class MockProject.Tests.ReportDataTest. Error: OpenQA.Selenium.WebDriverException: Process unexpectedly closed with status 1.","time":{"start":1735120178513,"stop":1735120180651,"duration":2138}}]},"MockProject.Tests.ReportDataTest.TC_DATA_SECTION_07 - Verify that the new value of Leave Type shows in the data table.":{"statistic":{"failed":1,"broken":0,"skipped":0,"passed":0,"unknown":0,"total":1},"items":[{"uid":"2f2425e2c4f82b0a","reportUrl":"https://NguyenGiaThuy.github.io/AdvancedAutomationTesting/2//#testresult/2f2425e2c4f82b0a","status":"failed","statusDetails":"Unable to create instance of class MockProject.Tests.ReportDataTest. Error: OpenQA.Selenium.WebDriverException: Process unexpectedly closed with status 1.","time":{"start":1735120182001,"stop":1735120182330,"duration":329}}]},"MockProject.Tests.GenerateReportTest.TC_GENERATE_SECTION_04 - Verify that the system will not generate a report with invalid period.":{"statistic":{"failed":1,"broken":0,"skipped":0,"passed":0,"unknown":0,"total":1},"items":[{"uid":"b37cf33320b44970","reportUrl":"https://NguyenGiaThuy.github.io/AdvancedAutomationTesting/2//#testresult/b37cf33320b44970","status":"failed","statusDetails":"Unable to create instance of class MockProject.Tests.GenerateReportTest. Error: OpenQA.Selenium.WebDriverException: Process unexpectedly closed with status 1.","time":{"start":1735120181716,"stop":1735120182082,"duration":366}}]},"MockProject.Tests.ReportDataTest.TC_DATA_SECTION_06 - Verify that the deleted value of Leave Type does not show in the data table.":{"statistic":{"failed":1,"broken":0,"skipped":0,"passed":0,"unknown":0,"total":1},"items":[{"uid":"72911d6bbdda5975","reportUrl":"https://NguyenGiaThuy.github.io/AdvancedAutomationTesting/2//#testresult/72911d6bbdda5975","status":"failed","statusDetails":"Unable to create instance of class MockProject.Tests.ReportDataTest. Error: OpenQA.Selenium.WebDriverException: Process unexpectedly closed with status 1.","time":{"start":1735120181654,"stop":1735120182001,"duration":347}}]},"MockProject.Tests.GenerateReportTest.Last option":{"statistic":{"failed":1,"broken":0,"skipped":0,"passed":0,"unknown":0,"total":1},"items":[{"uid":"6ffb814129def180","reportUrl":"https://NguyenGiaThuy.github.io/AdvancedAutomationTesting/2//#testresult/6ffb814129def180","status":"failed","statusDetails":"Unable to create instance of class MockProject.Tests.GenerateReportTest. Error: OpenQA.Selenium.WebDriverException: Process unexpectedly closed with status 1.","time":{"start":1735120180658,"stop":1735120181073,"duration":415}}]},"MockProject.Tests.GenerateReportTest.Second option":{"statistic":{"failed":1,"broken":0,"skipped":0,"passed":0,"unknown":0,"total":1},"items":[{"uid":"d2d903ee684f11fd","reportUrl":"https://NguyenGiaThuy.github.io/AdvancedAutomationTesting/2//#testresult/d2d903ee684f11fd","status":"failed","statusDetails":"Unable to create instance of class MockProject.Tests.GenerateReportTest. Error: OpenQA.Selenium.WebDriverException: Process unexpectedly closed with status 1.","time":{"start":1735120178511,"stop":1735120180651,"duration":2140}}]},"MockProject.Tests.GenerateReportTest.TC_GENERATE_SECTION_05 - Verify that the section containing Generate button can collapse.":{"statistic":{"failed":1,"broken":0,"skipped":0,"passed":0,"unknown":0,"total":1},"items":[{"uid":"b45f8d0eb2bf7e2f","reportUrl":"https://NguyenGiaThuy.github.io/AdvancedAutomationTesting/2//#testresult/b45f8d0eb2bf7e2f","status":"failed","statusDetails":"Unable to create instance of class MockProject.Tests.GenerateReportTest. Error: OpenQA.Selenium.WebDriverException: Process unexpectedly closed with status 1.","time":{"start":1735120182082,"stop":1735120182409,"duration":327}}]}}