{"MockProject.Tests.GenerateReportTest.TC_GENERATE_SECTION_02 - Verify thata the system validates the selected leave period.":{"statistic":{"failed":1,"broken":0,"skipped":0,"passed":3,"unknown":0,"total":4},"items":[{"uid":"8f6fed250534cb63","reportUrl":"https://NguyenGiaThuy.github.io/AdvancedAutomationTesting/22//#testresult/8f6fed250534cb63","status":"passed","time":{"start":1735178832488,"stop":1735178838642,"duration":6154}},{"uid":"b07eab1a4aab7a16","reportUrl":"https://NguyenGiaThuy.github.io/AdvancedAutomationTesting/21//#testresult/b07eab1a4aab7a16","status":"passed","time":{"start":1735178245516,"stop":1735178251595,"duration":6079}},{"uid":"e622866ed752435f","reportUrl":"https://NguyenGiaThuy.github.io/AdvancedAutomationTesting/3//#testresult/e622866ed752435f","status":"passed","time":{"start":1735120740890,"stop":1735120747179,"duration":6289}},{"uid":"bb6c74c04077a5ec","reportUrl":"https://NguyenGiaThuy.github.io/AdvancedAutomationTesting/2//#testresult/bb6c74c04077a5ec","status":"failed","statusDetails":"Unable to create instance of class MockProject.Tests.GenerateReportTest. Error: OpenQA.Selenium.WebDriverException: Process unexpectedly closed with status 1.","time":{"start":1735120181073,"stop":1735120181391,"duration":318}}]},"MockProject.Tests.GenerateReportTest.TC_GENERATE_SECTION_03 - Verify thath the system allows report generation.":{"statistic":{"failed":1,"broken":0,"skipped":0,"passed":3,"unknown":0,"total":4},"items":[{"uid":"84e41ced09ecbb39","reportUrl":"https://NguyenGiaThuy.github.io/AdvancedAutomationTesting/22//#testresult/84e41ced09ecbb39","status":"passed","time":{"start":1735178838643,"stop":1735178845852,"duration":7209}},{"uid":"b8a41265a7c66e6f","reportUrl":"https://NguyenGiaThuy.github.io/AdvancedAutomationTesting/21//#testresult/b8a41265a7c66e6f","status":"passed","time":{"start":1735178251595,"stop":1735178258858,"duration":7263}},{"uid":"cf8debb96e7c4e64","reportUrl":"https://NguyenGiaThuy.github.io/AdvancedAutomationTesting/3//#testresult/cf8debb96e7c4e64","status":"passed","time":{"start":1735120747179,"stop":1735120754807,"duration":7628}},{"uid":"c9c851524fb79f27","reportUrl":"https://NguyenGiaThuy.github.io/AdvancedAutomationTesting/2//#testresult/c9c851524fb79f27","status":"failed","statusDetails":"Unable to create instance of class MockProject.Tests.GenerateReportTest. Error: OpenQA.Selenium.WebDriverException: Process unexpectedly closed with status 1.","time":{"start":1735120181391,"stop":1735120181716,"duration":325}}]},"MockProject.Tests.GenerateReportTest.TC_GENERATE_SECTION_06 - Verify that the section containing Generate button can expand.":{"statistic":{"failed":1,"broken":0,"skipped":0,"passed":3,"unknown":0,"total":4},"items":[{"uid":"f6caf6f6cc9bcb58","reportUrl":"https://NguyenGiaThuy.github.io/AdvancedAutomationTesting/22//#testresult/f6caf6f6cc9bcb58","status":"passed","time":{"start":1735178858759,"stop":1735178864101,"duration":5342}},{"uid":"9d563cf199a29f15","reportUrl":"https://NguyenGiaThuy.github.io/AdvancedAutomationTesting/21//#testresult/9d563cf199a29f15","status":"passed","time":{"start":1735178272019,"stop":1735178277400,"duration":5381}},{"uid":"43e9b636fb2c2682","reportUrl":"https://NguyenGiaThuy.github.io/AdvancedAutomationTesting/3//#testresult/43e9b636fb2c2682","status":"passed","time":{"start":1735120767973,"stop":1735120773177,"duration":5204}},{"uid":"6cf2aa056ddb8f56","reportUrl":"https://NguyenGiaThuy.github.io/AdvancedAutomationTesting/2//#testresult/6cf2aa056ddb8f56","status":"failed","statusDetails":"Unable to create instance of class MockProject.Tests.GenerateReportTest. Error: OpenQA.Selenium.WebDriverException: Process unexpectedly closed with status 1.","time":{"start":1735120182409,"stop":1735120182708,"duration":299}}]},"MockProject.Tests.ReportDataTest.TC_DATA_SECTION_05 - Verify that the data types in the data table are valid.":{"statistic":{"failed":1,"broken":0,"skipped":0,"passed":3,"unknown":0,"total":4},"items":[{"uid":"c6ad57cfff55c706","reportUrl":"https://NguyenGiaThuy.github.io/AdvancedAutomationTesting/22//#testresult/c6ad57cfff55c706","status":"passed","time":{"start":1735178839323,"stop":1735178846517,"duration":7194}},{"uid":"14f31d8708005e40","reportUrl":"https://NguyenGiaThuy.github.io/AdvancedAutomationTesting/21//#testresult/14f31d8708005e40","status":"passed","time":{"start":1735178251642,"stop":1735178259210,"duration":7568}},{"uid":"bcccc30f40868a2a","reportUrl":"https://NguyenGiaThuy.github.io/AdvancedAutomationTesting/3//#testresult/bcccc30f40868a2a","status":"passed","time":{"start":1735120746928,"stop":1735120754221,"duration":7293}},{"uid":"995060764cf808aa","reportUrl":"https://NguyenGiaThuy.github.io/AdvancedAutomationTesting/2//#testresult/995060764cf808aa","status":"failed","statusDetails":"Unable to create instance of class MockProject.Tests.ReportDataTest. Error: OpenQA.Selenium.WebDriverException: Process unexpectedly closed with status 1.","time":{"start":1735120181284,"stop":1735120181654,"duration":370}}]},"MockProject.Tests.AccessToMyLeaveBalanceReportTest.TC_PAGE_01 - Verify that the user can access the Leave Entitlements and Usage Report page.":{"statistic":{"failed":1,"broken":0,"skipped":0,"passed":3,"unknown":0,"total":4},"items":[{"uid":"e41525b5e32e739d","reportUrl":"https://NguyenGiaThuy.github.io/AdvancedAutomationTesting/22//#testresult/e41525b5e32e739d","status":"passed","time":{"start":1735178794548,"stop":1735178821225,"duration":26677}},{"uid":"2630eb61e6a0cd03","reportUrl":"https://NguyenGiaThuy.github.io/AdvancedAutomationTesting/21//#testresult/2630eb61e6a0cd03","status":"passed","time":{"start":1735178222501,"stop":1735178234435,"duration":11934}},{"uid":"340e29fcb329d359","reportUrl":"https://NguyenGiaThuy.github.io/AdvancedAutomationTesting/3//#testresult/340e29fcb329d359","status":"passed","time":{"start":1735120708629,"stop":1735120728842,"duration":20213}},{"uid":"d8cd49ff1c262c40","reportUrl":"https://NguyenGiaThuy.github.io/AdvancedAutomationTesting/2//#testresult/d8cd49ff1c262c40","status":"failed","statusDetails":"Unable to create instance of class MockProject.Tests.AccessToMyLeaveBalanceReportTest. Error: OpenQA.Selenium.WebDriverException: Process unexpectedly closed with status 1.","time":{"start":1735120178507,"stop":1735120180651,"duration":2144}}]},"MockProject.Tests.ReportDataTest.TC_DATA_SECTION_02 - Verify that the data table can be shrunk.":{"statistic":{"failed":1,"broken":0,"skipped":0,"passed":3,"unknown":0,"total":4},"items":[{"uid":"9b2f018ccc941eb8","reportUrl":"https://NguyenGiaThuy.github.io/AdvancedAutomationTesting/22//#testresult/9b2f018ccc941eb8","status":"passed","time":{"start":1735178822978,"stop":1735178832986,"duration":10008}},{"uid":"6705f752cd433068","reportUrl":"https://NguyenGiaThuy.github.io/AdvancedAutomationTesting/21//#testresult/6705f752cd433068","status":"passed","time":{"start":1735178235759,"stop":1735178245104,"duration":9345}},{"uid":"18876d09e9c9f0ec","reportUrl":"https://NguyenGiaThuy.github.io/AdvancedAutomationTesting/3//#testresult/18876d09e9c9f0ec","status":"passed","time":{"start":1735120730167,"stop":1735120740294,"duration":10127}},{"uid":"66156b611b7fdbf1","reportUrl":"https://NguyenGiaThuy.github.io/AdvancedAutomationTesting/2//#testresult/66156b611b7fdbf1","status":"failed","statusDetails":"Unable to create instance of class MockProject.Tests.ReportDataTest. Error: OpenQA.Selenium.WebDriverException: Process unexpectedly closed with status 1.","time":{"start":1735120180658,"stop":1735120180980,"duration":322}}]},"MockProject.Tests.ReportDataTest.TC_DATA_SECTION_04 - Verify that the report counter matches the total number of records generated.":{"statistic":{"failed":2,"broken":0,"skipped":0,"passed":2,"unknown":0,"total":4},"items":[{"uid":"221d5ee3e2658892","reportUrl":"https://NguyenGiaThuy.github.io/AdvancedAutomationTesting/22//#testresult/221d5ee3e2658892","status":"passed","time":{"start":1735178832986,"stop":1735178839323,"duration":6337}},{"uid":"9199708431535ff7","reportUrl":"https://NguyenGiaThuy.github.io/AdvancedAutomationTesting/21//#testresult/9199708431535ff7","status":"passed","time":{"start":1735178245104,"stop":1735178251642,"duration":6538}},{"uid":"496560f2644ac11","reportUrl":"https://NguyenGiaThuy.github.io/AdvancedAutomationTesting/3//#testresult/496560f2644ac11","status":"failed","statusDetails":"Assert.AreEqual failed. Expected:<14>. Actual:<25>. ","time":{"start":1735120740295,"stop":1735120746927,"duration":6632}},{"uid":"1a1c7c4b44dad596","reportUrl":"https://NguyenGiaThuy.github.io/AdvancedAutomationTesting/2//#testresult/1a1c7c4b44dad596","status":"failed","statusDetails":"Unable to create instance of class MockProject.Tests.ReportDataTest. Error: OpenQA.Selenium.WebDriverException: Process unexpectedly closed with status 1.","time":{"start":1735120180981,"stop":1735120181284,"duration":303}}]},"MockProject.Tests.ReportDataTest.TC_DATA_SECTION_01 - Verify that the data table can be enlarged.":{"statistic":{"failed":1,"broken":0,"skipped":0,"passed":3,"unknown":0,"total":4},"items":[{"uid":"2ae77183ca43d73e","reportUrl":"https://NguyenGiaThuy.github.io/AdvancedAutomationTesting/22//#testresult/2ae77183ca43d73e","status":"passed","time":{"start":1735178794553,"stop":1735178822978,"duration":28425}},{"uid":"45e458d162a1befd","reportUrl":"https://NguyenGiaThuy.github.io/AdvancedAutomationTesting/21//#testresult/45e458d162a1befd","status":"passed","time":{"start":1735178222501,"stop":1735178235758,"duration":13257}},{"uid":"df0ca1ddab2a098e","reportUrl":"https://NguyenGiaThuy.github.io/AdvancedAutomationTesting/3//#testresult/df0ca1ddab2a098e","status":"passed","time":{"start":1735120708633,"stop":1735120730166,"duration":21533}},{"uid":"44e0ffcc2743bd3","reportUrl":"https://NguyenGiaThuy.github.io/AdvancedAutomationTesting/2//#testresult/44e0ffcc2743bd3","status":"failed","statusDetails":"Unable to create instance of class MockProject.Tests.ReportDataTest. Error: OpenQA.Selenium.WebDriverException: Process unexpectedly closed with status 1.","time":{"start":1735120178513,"stop":1735120180651,"duration":2138}}]},"MockProject.Tests.ReportDataTest.TC_DATA_SECTION_07 - Verify that the new value of Leave Type shows in the data table.":{"statistic":{"failed":1,"broken":0,"skipped":0,"passed":3,"unknown":0,"total":4},"items":[{"uid":"cc34ecfd3e5ae12f","reportUrl":"https://NguyenGiaThuy.github.io/AdvancedAutomationTesting/22//#testresult/cc34ecfd3e5ae12f","status":"passed","time":{"start":1735178865495,"stop":1735178876884,"duration":11389}},{"uid":"13e140d48bbbd83a","reportUrl":"https://NguyenGiaThuy.github.io/AdvancedAutomationTesting/21//#testresult/13e140d48bbbd83a","status":"passed","time":{"start":1735178278146,"stop":1735178289598,"duration":11452}},{"uid":"3b733786fe686993","reportUrl":"https://NguyenGiaThuy.github.io/AdvancedAutomationTesting/3//#testresult/3b733786fe686993","status":"passed","time":{"start":1735120773278,"stop":1735120784630,"duration":11352}},{"uid":"2f2425e2c4f82b0a","reportUrl":"https://NguyenGiaThuy.github.io/AdvancedAutomationTesting/2//#testresult/2f2425e2c4f82b0a","status":"failed","statusDetails":"Unable to create instance of class MockProject.Tests.ReportDataTest. Error: OpenQA.Selenium.WebDriverException: Process unexpectedly closed with status 1.","time":{"start":1735120182001,"stop":1735120182330,"duration":329}}]},"MockProject.Tests.GenerateReportTest.TC_GENERATE_SECTION_04 - Verify that the system will not generate a report with invalid period.":{"statistic":{"failed":1,"broken":0,"skipped":0,"passed":3,"unknown":0,"total":4},"items":[{"uid":"5222c576dfe06180","reportUrl":"https://NguyenGiaThuy.github.io/AdvancedAutomationTesting/22//#testresult/5222c576dfe06180","status":"passed","time":{"start":1735178845853,"stop":1735178852568,"duration":6715}},{"uid":"ecc8345fe2d1c3b4","reportUrl":"https://NguyenGiaThuy.github.io/AdvancedAutomationTesting/21//#testresult/ecc8345fe2d1c3b4","status":"passed","time":{"start":1735178258859,"stop":1735178265680,"duration":6821}},{"uid":"c2108b55e715bcfa","reportUrl":"https://NguyenGiaThuy.github.io/AdvancedAutomationTesting/3//#testresult/c2108b55e715bcfa","status":"passed","time":{"start":1735120754807,"stop":1735120761607,"duration":6800}},{"uid":"b37cf33320b44970","reportUrl":"https://NguyenGiaThuy.github.io/AdvancedAutomationTesting/2//#testresult/b37cf33320b44970","status":"failed","statusDetails":"Unable to create instance of class MockProject.Tests.GenerateReportTest. Error: OpenQA.Selenium.WebDriverException: Process unexpectedly closed with status 1.","time":{"start":1735120181716,"stop":1735120182082,"duration":366}}]},"MockProject.Tests.ReportDataTest.TC_DATA_SECTION_06 - Verify that the deleted value of Leave Type does not show in the data table.":{"statistic":{"failed":4,"broken":0,"skipped":0,"passed":0,"unknown":0,"total":4},"items":[{"uid":"425bfd81e28b94e","reportUrl":"https://NguyenGiaThuy.github.io/AdvancedAutomationTesting/22//#testresult/425bfd81e28b94e","status":"failed","statusDetails":"Test method MockProject.Tests.ReportDataTest.TestDeletedLeaveTypeDoesnotShowSuccessfully threw exception: \r\nTestCore.Exceptions.PostconditionException: Failed to recover the leave type: CAN - Bereavement","time":{"start":1735178846517,"stop":1735178865495,"duration":18978}},{"uid":"91a128410433f7e7","reportUrl":"https://NguyenGiaThuy.github.io/AdvancedAutomationTesting/21//#testresult/91a128410433f7e7","status":"failed","statusDetails":"Test method MockProject.Tests.ReportDataTest.TestDeletedLeaveTypeDoesnotShowSuccessfully threw exception: \r\nTestCore.Exceptions.PostconditionException: Failed to recover the leave type: CAN - Bereavement","time":{"start":1735178259210,"stop":1735178278146,"duration":18936}},{"uid":"d4b6c1a5ea36a4d5","reportUrl":"https://NguyenGiaThuy.github.io/AdvancedAutomationTesting/3//#testresult/d4b6c1a5ea36a4d5","status":"failed","statusDetails":"Test method MockProject.Tests.ReportDataTest.TestDeletedLeaveTypeDoesnotShowSuccessfully threw exception: \r\nTestCore.Exceptions.PostconditionException: Failed to recover the leave type: Ailta","time":{"start":1735120754221,"stop":1735120773277,"duration":19056}},{"uid":"72911d6bbdda5975","reportUrl":"https://NguyenGiaThuy.github.io/AdvancedAutomationTesting/2//#testresult/72911d6bbdda5975","status":"failed","statusDetails":"Unable to create instance of class MockProject.Tests.ReportDataTest. Error: OpenQA.Selenium.WebDriverException: Process unexpectedly closed with status 1.","time":{"start":1735120181654,"stop":1735120182001,"duration":347}}]},"MockProject.Tests.GenerateReportTest.Last option":{"statistic":{"failed":1,"broken":0,"skipped":0,"passed":3,"unknown":0,"total":4},"items":[{"uid":"2de37ed772f29bb6","reportUrl":"https://NguyenGiaThuy.github.io/AdvancedAutomationTesting/22//#testresult/2de37ed772f29bb6","status":"passed","time":{"start":1735178822912,"stop":1735178832488,"duration":9576}},{"uid":"f044aa3dafccf672","reportUrl":"https://NguyenGiaThuy.github.io/AdvancedAutomationTesting/21//#testresult/f044aa3dafccf672","status":"passed","time":{"start":1735178235838,"stop":1735178245515,"duration":9677}},{"uid":"ec75db2f9b8dccce","reportUrl":"https://NguyenGiaThuy.github.io/AdvancedAutomationTesting/3//#testresult/ec75db2f9b8dccce","status":"passed","time":{"start":1735120730261,"stop":1735120740890,"duration":10629}},{"uid":"6ffb814129def180","reportUrl":"https://NguyenGiaThuy.github.io/AdvancedAutomationTesting/2//#testresult/6ffb814129def180","status":"failed","statusDetails":"Unable to create instance of class MockProject.Tests.GenerateReportTest. Error: OpenQA.Selenium.WebDriverException: Process unexpectedly closed with status 1.","time":{"start":1735120180658,"stop":1735120181073,"duration":415}}]},"MockProject.Tests.GenerateReportTest.Second option":{"statistic":{"failed":1,"broken":0,"skipped":0,"passed":3,"unknown":0,"total":4},"items":[{"uid":"b9df81ac41202700","reportUrl":"https://NguyenGiaThuy.github.io/AdvancedAutomationTesting/22//#testresult/b9df81ac41202700","status":"passed","time":{"start":1735178794550,"stop":1735178822911,"duration":28361}},{"uid":"152684913386eed7","reportUrl":"https://NguyenGiaThuy.github.io/AdvancedAutomationTesting/21//#testresult/152684913386eed7","status":"passed","time":{"start":1735178222502,"stop":1735178235837,"duration":13335}},{"uid":"a837c356671b0596","reportUrl":"https://NguyenGiaThuy.github.io/AdvancedAutomationTesting/3//#testresult/a837c356671b0596","status":"passed","time":{"start":1735120708631,"stop":1735120730261,"duration":21630}},{"uid":"d2d903ee684f11fd","reportUrl":"https://NguyenGiaThuy.github.io/AdvancedAutomationTesting/2//#testresult/d2d903ee684f11fd","status":"failed","statusDetails":"Unable to create instance of class MockProject.Tests.GenerateReportTest. Error: OpenQA.Selenium.WebDriverException: Process unexpectedly closed with status 1.","time":{"start":1735120178511,"stop":1735120180651,"duration":2140}}]},"MockProject.Tests.GenerateReportTest.TC_GENERATE_SECTION_05 - Verify that the section containing Generate button can collapse.":{"statistic":{"failed":1,"broken":0,"skipped":0,"passed":3,"unknown":0,"total":4},"items":[{"uid":"d76e9f7f36125def","reportUrl":"https://NguyenGiaThuy.github.io/AdvancedAutomationTesting/22//#testresult/d76e9f7f36125def","status":"passed","time":{"start":1735178852569,"stop":1735178858758,"duration":6189}},{"uid":"e38ede4f8ed26ba3","reportUrl":"https://NguyenGiaThuy.github.io/AdvancedAutomationTesting/21//#testresult/e38ede4f8ed26ba3","status":"passed","time":{"start":1735178265681,"stop":1735178272019,"duration":6338}},{"uid":"eb184e2dda68d65c","reportUrl":"https://NguyenGiaThuy.github.io/AdvancedAutomationTesting/3//#testresult/eb184e2dda68d65c","status":"passed","time":{"start":1735120761608,"stop":1735120767973,"duration":6365}},{"uid":"b45f8d0eb2bf7e2f","reportUrl":"https://NguyenGiaThuy.github.io/AdvancedAutomationTesting/2//#testresult/b45f8d0eb2bf7e2f","status":"failed","statusDetails":"Unable to create instance of class MockProject.Tests.GenerateReportTest. Error: OpenQA.Selenium.WebDriverException: Process unexpectedly closed with status 1.","time":{"start":1735120182082,"stop":1735120182409,"duration":327}}]}}